[2013-10-27 01:25:12] START
[2013-10-27 01:31:59] EDIT RXGUIDE/models/db.py: 7
[2013-10-27 01:40:37] EDIT RXGUIDE/models/db.py: 1
[2013-10-27 01:40:48] EDIT RXGUIDE/models/db.py: 0
[2013-10-27 01:40:50] EDIT RXGUIDE/models/db.py: 0
[2013-10-27 01:40:50] EDIT RXGUIDE/models/db.py: 0
[2013-10-27 01:40:50] EDIT RXGUIDE/models/db.py: 0
[2013-10-27 01:40:50] EDIT RXGUIDE/models/db.py: 0
[2013-10-27 01:56:16] EDIT RXGUIDE/controllers/default.py: 9
[2013-10-27 01:56:21] EDIT RXGUIDE/controllers/default.py: 0
[2013-10-27 01:56:22] EDIT RXGUIDE/controllers/default.py: 0
[2013-10-27 01:56:22] EDIT RXGUIDE/controllers/default.py: 0
[2013-10-27 01:56:37] EDIT RXGUIDE/controllers/default.py: 0
[2013-10-27 01:56:47] EDIT RXGUIDE/models/db.py: 0
[2013-10-27 01:56:47] EDIT RXGUIDE/models/db.py: 0
[2013-10-27 01:56:48] EDIT RXGUIDE/models/db.py: 0
[2013-10-27 01:56:48] EDIT RXGUIDE/models/db.py: 0
[2013-10-27 01:56:48] EDIT RXGUIDE/models/db.py: 0
[2013-10-27 01:57:19] EDIT RXGUIDE/models/db.py: 0
[2013-10-27 01:57:31] EDIT RXGUIDE/controllers/default.py: 0
[2013-10-27 01:57:31] EDIT RXGUIDE/controllers/default.py: 0
[2013-10-27 01:57:31] EDIT RXGUIDE/controllers/default.py: 0
[2013-10-27 01:57:55] EDIT RXGUIDE/models/db.py: 0
[2013-10-27 01:57:55] EDIT RXGUIDE/models/db.py: 0
[2013-10-27 01:57:56] EDIT RXGUIDE/models/db.py: 0
[2013-10-27 01:57:56] EDIT RXGUIDE/models/db.py: 0
[2013-10-27 01:57:56] EDIT RXGUIDE/models/db.py: 0
[2013-10-27 01:57:58] EDIT RXGUIDE/controllers/default.py: 0
[2013-10-27 01:57:58] EDIT RXGUIDE/controllers/default.py: 0
[2013-10-27 01:57:58] EDIT RXGUIDE/controllers/default.py: 0
[2013-10-27 01:57:58] EDIT RXGUIDE/controllers/default.py: 0
[2013-10-27 01:57:58] EDIT RXGUIDE/controllers/default.py: 0
[2013-10-27 01:57:58] EDIT RXGUIDE/controllers/default.py: 0
[2013-10-27 01:57:59] EDIT RXGUIDE/controllers/default.py: 0
[2013-10-27 01:58:55] EDIT RXGUIDE/models/db.py: 0
[2013-10-27 01:59:27] EDIT RXGUIDE/models/db.py: 0
[2013-10-27 01:59:35] EDIT RXGUIDE/controllers/default.py: 0
[2013-10-27 01:59:36] EDIT RXGUIDE/controllers/default.py: 0
[2013-10-27 01:59:36] EDIT RXGUIDE/controllers/default.py: 0
[2013-10-27 01:59:36] EDIT RXGUIDE/controllers/default.py: 0
[2013-10-27 01:59:36] EDIT RXGUIDE/controllers/default.py: 0
[2013-10-27 01:59:36] EDIT RXGUIDE/controllers/default.py: 0
[2013-10-27 01:59:37] EDIT RXGUIDE/controllers/default.py: 0
[2013-10-27 01:59:37] EDIT RXGUIDE/controllers/default.py: 0
[2013-10-27 01:59:37] EDIT RXGUIDE/controllers/default.py: 0
[2013-10-27 01:59:38] EDIT RXGUIDE/controllers/default.py: 0
[2013-10-27 01:59:38] EDIT RXGUIDE/controllers/default.py: 0
[2013-10-27 01:59:38] EDIT RXGUIDE/controllers/default.py: 0
[2013-10-27 02:01:12] EDIT RXGUIDE/models/db.py: 0
[2013-10-27 02:01:13] EDIT RXGUIDE/models/db.py: 0
[2013-10-27 02:01:13] EDIT RXGUIDE/models/db.py: 0
[2013-10-27 02:01:13] EDIT RXGUIDE/models/db.py: 0
[2013-10-27 02:01:13] EDIT RXGUIDE/models/db.py: 0
[2013-10-27 02:01:13] EDIT RXGUIDE/models/db.py: 0
[2013-10-27 02:03:51] EDIT RXGUIDE/models/db.py: 0
[2013-10-27 02:04:04] EDIT RXGUIDE/models/db.py: 0
[2013-10-27 02:04:04] EDIT RXGUIDE/models/db.py: 0
[2013-10-27 02:04:04] EDIT RXGUIDE/models/db.py: 0
[2013-10-27 02:04:05] EDIT RXGUIDE/models/db.py: 0
[2013-10-27 02:04:05] EDIT RXGUIDE/models/db.py: 0
[2013-10-27 02:04:05] EDIT RXGUIDE/models/db.py: 0
[2013-10-27 02:04:05] EDIT RXGUIDE/models/db.py: 0
[2013-10-27 02:04:50] EDIT RXGUIDE/models/db.py: -2
[2013-10-27 02:04:50] EDIT RXGUIDE/models/db.py: 0
[2013-10-27 02:04:50] EDIT RXGUIDE/models/db.py: 0
[2013-10-27 02:04:50] EDIT RXGUIDE/models/db.py: 0
[2013-10-27 02:04:50] EDIT RXGUIDE/models/db.py: 0
[2013-10-27 02:07:57] EDIT RXGUIDE/models/db.py: 0
[2013-10-27 02:07:57] EDIT RXGUIDE/models/db.py: 0
[2013-10-27 02:07:58] EDIT RXGUIDE/models/db.py: 0
[2013-10-27 02:08:27] EDIT RXGUIDE/models/db.py: 0
[2013-10-27 02:08:46] EDIT RXGUIDE/models/db.py: 0
[2013-10-27 02:08:47] EDIT RXGUIDE/models/db.py: 0
[2013-10-27 02:08:47] EDIT RXGUIDE/models/db.py: 0
[2013-10-27 02:08:47] EDIT RXGUIDE/models/db.py: 0
[2013-10-27 02:08:47] EDIT RXGUIDE/models/db.py: 0
[2013-10-27 02:08:48] EDIT RXGUIDE/models/db.py: 0
[2013-10-27 02:08:48] EDIT RXGUIDE/models/db.py: 0
[2013-10-27 02:08:48] EDIT RXGUIDE/models/db.py: 0
[2013-10-27 02:08:48] EDIT RXGUIDE/models/db.py: 0
[2013-10-27 02:08:48] EDIT RXGUIDE/models/db.py: 0
[2013-10-27 02:08:49] EDIT RXGUIDE/models/db.py: 0
[2013-10-27 02:08:49] EDIT RXGUIDE/models/db.py: 0
[2013-10-27 02:08:49] EDIT RXGUIDE/models/db.py: 0
[2013-10-27 02:08:49] EDIT RXGUIDE/models/db.py: 0
[2013-10-27 02:08:49] EDIT RXGUIDE/models/db.py: 0
[2013-10-27 02:08:50] EDIT RXGUIDE/models/db.py: 0
[2013-10-27 02:08:50] EDIT RXGUIDE/models/db.py: 0
[2013-10-27 02:08:55] EDIT RXGUIDE/models/db.py: 0
[2013-10-27 02:08:57] EDIT RXGUIDE/models/db.py: 0
[2013-10-27 02:08:57] EDIT RXGUIDE/models/db.py: 0
[2013-10-27 02:08:57] EDIT RXGUIDE/models/db.py: 0
[2013-10-27 02:08:57] EDIT RXGUIDE/models/db.py: 0
[2013-10-27 02:08:58] EDIT RXGUIDE/models/db.py: 0
[2013-10-27 02:08:58] EDIT RXGUIDE/models/db.py: 0
[2013-10-27 02:08:58] EDIT RXGUIDE/models/db.py: 0
[2013-10-27 02:08:58] EDIT RXGUIDE/models/db.py: 0
[2013-10-27 02:08:58] EDIT RXGUIDE/models/db.py: 0
[2013-10-27 02:08:59] EDIT RXGUIDE/models/db.py: 0
[2013-10-27 02:08:59] EDIT RXGUIDE/models/db.py: 0
[2013-10-27 02:08:59] EDIT RXGUIDE/models/db.py: 0
[2013-10-27 02:08:59] EDIT RXGUIDE/models/db.py: 0
[2013-10-27 02:08:59] EDIT RXGUIDE/models/db.py: 0
[2013-10-27 02:09:00] EDIT RXGUIDE/models/db.py: 0
[2013-10-27 02:09:00] EDIT RXGUIDE/models/db.py: 0
[2013-10-27 02:09:00] EDIT RXGUIDE/models/db.py: 0
[2013-10-27 02:09:00] EDIT RXGUIDE/models/db.py: 0
[2013-10-27 02:09:00] EDIT RXGUIDE/models/db.py: 0
[2013-10-27 02:09:01] EDIT RXGUIDE/models/db.py: 0
[2013-10-27 02:09:01] EDIT RXGUIDE/models/db.py: 0
[2013-10-27 02:09:01] EDIT RXGUIDE/models/db.py: 0
[2013-10-27 02:09:01] EDIT RXGUIDE/models/db.py: 0
[2013-10-27 02:09:01] EDIT RXGUIDE/models/db.py: 0
[2013-10-27 02:09:02] EDIT RXGUIDE/models/db.py: 0
[2013-10-27 02:09:02] EDIT RXGUIDE/models/db.py: 0
[2013-10-27 02:09:02] EDIT RXGUIDE/models/db.py: 0
[2013-10-27 02:09:02] EDIT RXGUIDE/models/db.py: 0
[2013-10-27 02:10:57] EDIT RXGUIDE/controllers/default.py: 0
[2013-10-27 02:10:57] EDIT RXGUIDE/controllers/default.py: 0
[2013-10-27 02:10:57] EDIT RXGUIDE/controllers/default.py: 0
[2013-10-27 02:10:58] EDIT RXGUIDE/controllers/default.py: 0
[2013-10-27 02:10:58] EDIT RXGUIDE/controllers/default.py: 0
[2013-10-27 02:10:58] EDIT RXGUIDE/controllers/default.py: 0
[2013-10-27 02:10:58] EDIT RXGUIDE/controllers/default.py: 0
[2013-10-27 02:10:58] EDIT RXGUIDE/controllers/default.py: 0
[2013-10-27 02:10:59] EDIT RXGUIDE/controllers/default.py: 0
[2013-10-27 02:10:59] EDIT RXGUIDE/controllers/default.py: 0
[2013-10-27 02:11:01] EDIT RXGUIDE/models/db.py: 0
[2013-10-27 02:11:01] EDIT RXGUIDE/models/db.py: 0
[2013-10-27 02:11:01] EDIT RXGUIDE/models/db.py: 0
[2013-10-27 02:11:01] EDIT RXGUIDE/models/db.py: 0
[2013-10-27 02:11:01] EDIT RXGUIDE/models/db.py: 0
[2013-10-27 02:11:02] EDIT RXGUIDE/models/db.py: 0
[2013-10-27 02:11:15] EDIT RXGUIDE/models/db.py: 0
[2013-10-27 02:11:15] EDIT RXGUIDE/models/db.py: 0
[2013-10-27 02:11:15] EDIT RXGUIDE/models/db.py: 0
[2013-10-27 02:11:15] EDIT RXGUIDE/models/db.py: 0
[2013-10-27 02:11:16] EDIT RXGUIDE/models/db.py: 0
[2013-10-27 02:11:16] EDIT RXGUIDE/models/db.py: 0
[2013-10-27 02:11:16] EDIT RXGUIDE/models/db.py: 0
[2013-10-27 02:11:16] EDIT RXGUIDE/models/db.py: 0
[2013-10-27 02:11:16] EDIT RXGUIDE/models/db.py: 0
[2013-10-27 02:11:17] EDIT RXGUIDE/models/db.py: 0
[2013-10-27 02:11:17] EDIT RXGUIDE/models/db.py: 0
[2013-10-27 02:11:17] EDIT RXGUIDE/models/db.py: 0
[2013-10-27 02:11:17] EDIT RXGUIDE/models/db.py: 0
[2013-10-27 02:11:17] EDIT RXGUIDE/models/db.py: 0
[2013-10-27 11:11:43] EDIT RXGUIDE/models/db.py: 0
[2013-10-27 11:11:43] EDIT RXGUIDE/models/db.py: 0
[2013-10-27 11:11:43] EDIT RXGUIDE/models/db.py: 0
[2013-10-27 11:11:43] EDIT RXGUIDE/models/db.py: 0
[2013-10-27 11:11:43] EDIT RXGUIDE/models/db.py: 0
[2013-10-27 11:12:12] EDIT RXGUIDE/models/db.py: 0
[2013-10-27 11:12:34] EDIT RXGUIDE/models/db.py: 0
[2013-10-27 11:12:34] EDIT RXGUIDE/models/db.py: 0
[2013-10-27 11:12:34] EDIT RXGUIDE/models/db.py: 0
[2013-10-27 11:12:35] EDIT RXGUIDE/models/db.py: 0
[2013-10-27 11:12:35] EDIT RXGUIDE/models/db.py: 0
[2013-10-27 11:12:35] EDIT RXGUIDE/models/db.py: 0
[2013-10-27 11:12:35] EDIT RXGUIDE/models/db.py: 0
[2013-10-27 11:12:35] EDIT RXGUIDE/models/db.py: 0
[2013-10-27 11:12:35] EDIT RXGUIDE/models/db.py: 0
[2013-10-27 11:12:36] EDIT RXGUIDE/models/db.py: 0
[2013-10-27 11:12:36] EDIT RXGUIDE/models/db.py: 0
[2013-10-27 11:12:36] EDIT RXGUIDE/models/db.py: 0
[2013-10-27 11:12:36] EDIT RXGUIDE/models/db.py: 0
[2013-10-27 11:13:03] EDIT RXGUIDE/models/db.py: -6
[2013-10-27 11:13:04] EDIT RXGUIDE/models/db.py: 0
[2013-10-27 11:13:04] EDIT RXGUIDE/models/db.py: 0
[2013-10-27 11:13:04] EDIT RXGUIDE/models/db.py: 0
[2013-10-27 11:13:05] EDIT RXGUIDE/models/db.py: 0
[2013-10-27 11:13:05] EDIT RXGUIDE/models/db.py: 0
[2013-10-27 11:13:05] EDIT RXGUIDE/models/db.py: 0
[2013-10-27 11:13:05] EDIT RXGUIDE/models/db.py: 0
[2013-10-27 11:13:05] EDIT RXGUIDE/models/db.py: 0
[2013-10-27 11:13:05] EDIT RXGUIDE/models/db.py: 0
[2013-10-27 11:13:21] EDIT RXGUIDE/models/db.py: 6
[2013-10-27 11:13:22] EDIT RXGUIDE/models/db.py: 0
[2013-10-27 11:13:22] EDIT RXGUIDE/models/db.py: 0
[2013-10-27 11:13:22] EDIT RXGUIDE/models/db.py: 0
[2013-10-27 11:13:22] EDIT RXGUIDE/models/db.py: 0
[2013-10-27 11:13:23] EDIT RXGUIDE/models/db.py: 0
[2013-10-27 11:13:23] EDIT RXGUIDE/models/db.py: 0
[2013-10-27 11:13:23] EDIT RXGUIDE/models/db.py: 0
[2013-10-27 11:13:59] EDIT RXGUIDE/models/db.py: 0
[2013-10-27 11:13:59] EDIT RXGUIDE/models/db.py: 0
[2013-10-27 11:13:59] EDIT RXGUIDE/models/db.py: 0
[2013-10-27 11:13:59] EDIT RXGUIDE/models/db.py: 0
[2013-10-27 11:13:59] EDIT RXGUIDE/models/db.py: 0
[2013-10-27 11:14:00] EDIT RXGUIDE/models/db.py: 0
[2013-10-27 11:14:00] EDIT RXGUIDE/models/db.py: 0
[2013-10-27 11:14:00] EDIT RXGUIDE/models/db.py: 0
[2013-10-27 11:14:00] EDIT RXGUIDE/models/db.py: 0
[2013-10-27 11:14:00] EDIT RXGUIDE/models/db.py: 0
[2013-10-27 11:14:01] EDIT RXGUIDE/models/db.py: 0
[2013-10-27 11:14:01] EDIT RXGUIDE/models/db.py: 0
[2013-10-27 11:14:01] EDIT RXGUIDE/models/db.py: 0
[2013-10-27 11:14:14] EDIT RXGUIDE/models/db.py: 0
[2013-10-27 11:14:14] EDIT RXGUIDE/models/db.py: 0
[2013-10-27 11:14:14] EDIT RXGUIDE/models/db.py: 0
[2013-10-27 11:14:14] EDIT RXGUIDE/models/db.py: 0
[2013-10-27 11:14:14] EDIT RXGUIDE/models/db.py: 0
[2013-10-27 11:14:15] EDIT RXGUIDE/models/db.py: 0
[2013-10-27 11:14:31] EDIT RXGUIDE/controllers/default.py: 0
[2013-10-27 11:14:31] EDIT RXGUIDE/controllers/default.py: 0
[2013-10-27 11:14:31] EDIT RXGUIDE/controllers/default.py: 0
[2013-10-27 11:14:32] EDIT RXGUIDE/controllers/default.py: 0
[2013-10-27 11:14:52] EDIT RXGUIDE/models/db.py: 0
[2013-10-27 11:14:53] EDIT RXGUIDE/models/db.py: 0
[2013-10-27 11:14:53] EDIT RXGUIDE/models/db.py: 0
[2013-10-27 11:14:53] EDIT RXGUIDE/models/db.py: 0
[2013-10-27 11:14:53] EDIT RXGUIDE/models/db.py: 0
[2013-10-27 11:15:13] EDIT RXGUIDE/controllers/default.py: 0
[2013-10-27 11:15:13] EDIT RXGUIDE/controllers/default.py: 0
[2013-10-27 11:15:13] EDIT RXGUIDE/controllers/default.py: 0
[2013-10-27 11:15:13] EDIT RXGUIDE/controllers/default.py: 0
[2013-10-27 11:15:13] EDIT RXGUIDE/controllers/default.py: 0
[2013-10-27 11:15:13] EDIT RXGUIDE/controllers/default.py: 0
[2013-10-27 11:15:20] EDIT RXGUIDE/controllers/default.py: 0
[2013-10-27 11:15:20] EDIT RXGUIDE/controllers/default.py: 0
[2013-10-27 11:15:20] EDIT RXGUIDE/controllers/default.py: 0
[2013-10-27 11:15:20] EDIT RXGUIDE/controllers/default.py: 0
[2013-10-27 11:15:52] EDIT RXGUIDE/controllers/default.py: 0
[2013-10-27 11:15:53] EDIT RXGUIDE/controllers/default.py: 0
[2013-10-27 11:15:53] EDIT RXGUIDE/controllers/default.py: 0
[2013-10-27 11:15:53] EDIT RXGUIDE/controllers/default.py: 0
[2013-10-27 12:22:30] EDIT RXGUIDE/controllers/default.py: 0
[2013-10-27 12:22:30] EDIT RXGUIDE/controllers/default.py: 0
[2013-10-27 12:22:46] EDIT RXGUIDE/controllers/default.py: 0
[2013-10-27 12:22:47] EDIT RXGUIDE/controllers/default.py: 0
[2013-10-27 12:22:47] EDIT RXGUIDE/controllers/default.py: 0
[2013-10-27 12:22:47] EDIT RXGUIDE/controllers/default.py: 0
[2013-10-27 12:22:47] EDIT RXGUIDE/controllers/default.py: 0
[2013-10-27 12:22:47] EDIT RXGUIDE/controllers/default.py: 0
[2013-10-27 12:22:48] EDIT RXGUIDE/controllers/default.py: 0
[2013-10-27 12:22:48] EDIT RXGUIDE/controllers/default.py: 0
[2013-10-27 12:22:48] EDIT RXGUIDE/controllers/default.py: 0
[2013-10-27 12:22:48] EDIT RXGUIDE/controllers/default.py: 0
[2013-10-27 12:22:48] EDIT RXGUIDE/controllers/default.py: 0
[2013-10-27 12:22:48] EDIT RXGUIDE/controllers/default.py: 0
[2013-10-27 12:22:49] EDIT RXGUIDE/controllers/default.py: 0
[2013-10-30 22:04:33] EDIT RXGUIDE/controllers/default.py: 1
[2013-10-30 22:04:33] EDIT RXGUIDE/controllers/default.py: 0
[2013-10-30 22:41:58] EDIT RXGUIDE/controllers/default.py: 2
[2013-10-31 23:40:20] EDIT RXGUIDE/controllers/default.py: 5
[2013-10-31 23:40:38] EDIT RXGUIDE/controllers/default.py: 0
[2013-10-31 23:41:34] CREATE default/basic.html: 0
[2013-10-31 23:43:03] EDIT RXGUIDE/views/default/basic.html: -2
[2013-10-31 23:43:15] EDIT RXGUIDE/views/default/basic.html: 0
[2013-10-31 23:43:39] EDIT RXGUIDE/controllers/default.py: 1
[2013-10-31 23:44:06] EDIT RXGUIDE/views/default/basic.html: 0
[2013-10-31 23:44:06] EDIT RXGUIDE/views/default/basic.html: 0
[2013-10-31 23:44:24] EDIT RXGUIDE/views/default/basic.html: 0
[2013-10-31 23:54:44] EDIT RXGUIDE/controllers/default.py: 0
[2013-10-31 23:54:45] EDIT RXGUIDE/controllers/default.py: 0
[2013-10-31 23:55:56] EDIT RXGUIDE/controllers/default.py: 2
[2013-10-31 23:56:21] EDIT RXGUIDE/views/default/basic.html: 0
[2013-10-31 23:56:21] EDIT RXGUIDE/views/default/basic.html: 0
[2013-10-31 23:57:50] EDIT RXGUIDE/views/default/basic.html: 0
[2013-11-01 00:02:46] EDIT RXGUIDE/controllers/default.py: 2
[2013-11-01 00:02:55] EDIT RXGUIDE/views/default/basic.html: 0
[2013-11-01 00:04:06] EDIT RXGUIDE/controllers/default.py: 0
[2013-11-01 15:07:24] CREATE default/add_prescription.html: 0
[2013-11-04 17:07:05] EDIT RXGUIDE/models/db.py: 0
[2013-11-04 17:07:06] EDIT RXGUIDE/models/db.py: 0
[2013-11-04 17:07:06] EDIT RXGUIDE/models/db.py: 0
[2013-11-04 17:07:06] EDIT RXGUIDE/models/db.py: 0
[2013-11-04 17:09:03] EDIT RXGUIDE/controllers/default.py: 6
[2013-11-04 17:09:04] EDIT RXGUIDE/controllers/default.py: 0
[2013-11-04 17:09:04] EDIT RXGUIDE/controllers/default.py: 0
[2013-11-04 17:09:04] EDIT RXGUIDE/controllers/default.py: 0
[2013-11-04 17:09:04] EDIT RXGUIDE/controllers/default.py: 0
[2013-11-04 17:10:51] EDIT RXGUIDE/controllers/default.py: -2
[2013-11-05 10:05:10] EDIT RXGUIDE/models/db.py: 2
[2013-11-05 10:05:21] EDIT RXGUIDE/models/db.py: 0
[2013-11-05 10:05:21] EDIT RXGUIDE/models/db.py: 0
[2013-11-05 10:05:22] EDIT RXGUIDE/models/db.py: 0
[2013-11-05 10:07:05] EDIT RXGUIDE/models/db.py: 1
[2013-11-05 10:07:37] EDIT RXGUIDE/models/db.py: 0
[2013-11-05 10:09:19] EDIT RXGUIDE/controllers/default.py: -1
[2013-11-05 10:09:33] EDIT RXGUIDE/controllers/default.py: 1
[2013-11-05 10:09:34] EDIT RXGUIDE/controllers/default.py: 0
[2013-11-05 10:09:34] EDIT RXGUIDE/controllers/default.py: 0
[2013-11-05 10:09:34] EDIT RXGUIDE/controllers/default.py: 0
[2013-11-05 10:09:34] EDIT RXGUIDE/controllers/default.py: 0
[2013-11-05 10:09:35] EDIT RXGUIDE/controllers/default.py: 0
[2013-11-05 10:09:35] EDIT RXGUIDE/controllers/default.py: 0
[2013-11-05 10:09:35] EDIT RXGUIDE/controllers/default.py: 0
[2013-11-05 10:09:35] EDIT RXGUIDE/controllers/default.py: 0
[2013-11-05 10:10:00] EDIT RXGUIDE/controllers/default.py: 0
[2013-11-05 10:10:09] EDIT RXGUIDE/controllers/default.py: 0
[2013-11-05 10:12:19] EDIT RXGUIDE/controllers/default.py: 3
[2013-11-05 10:12:37] EDIT RXGUIDE/controllers/default.py: 0
[2013-11-05 10:12:44] EDIT RXGUIDE/controllers/default.py: 0
[2013-11-05 10:12:51] EDIT RXGUIDE/controllers/default.py: 1
[2013-11-05 10:15:37] EDIT RXGUIDE/controllers/default.py: 4
[2013-11-05 10:15:37] EDIT RXGUIDE/controllers/default.py: 0
[2013-11-05 10:15:38] EDIT RXGUIDE/controllers/default.py: 0
[2013-11-05 10:15:38] EDIT RXGUIDE/controllers/default.py: 0
[2013-11-05 10:15:38] EDIT RXGUIDE/controllers/default.py: 0
[2013-11-05 10:15:38] EDIT RXGUIDE/controllers/default.py: 0
[2013-11-05 10:15:38] EDIT RXGUIDE/controllers/default.py: 0
[2013-11-05 10:15:38] EDIT RXGUIDE/controllers/default.py: 0
[2013-11-05 10:15:39] EDIT RXGUIDE/controllers/default.py: 0
[2013-11-05 10:15:39] EDIT RXGUIDE/controllers/default.py: 0
[2013-11-05 10:15:39] EDIT RXGUIDE/controllers/default.py: 0
[2013-11-05 10:15:39] EDIT RXGUIDE/controllers/default.py: 0
[2013-11-05 10:15:39] EDIT RXGUIDE/controllers/default.py: 0
[2013-11-05 10:25:57] EDIT RXGUIDE/controllers/default.py: 0
[2013-11-05 10:26:01] EDIT RXGUIDE/controllers/default.py: 0
[2013-11-05 10:26:02] EDIT RXGUIDE/controllers/default.py: 0
[2013-11-05 10:26:02] EDIT RXGUIDE/controllers/default.py: 0
[2013-11-05 10:26:02] EDIT RXGUIDE/controllers/default.py: 0
[2013-11-05 10:26:03] EDIT RXGUIDE/controllers/default.py: 0
[2013-11-05 10:26:41] EDIT RXGUIDE/controllers/default.py: 0
[2013-11-05 10:27:32] EDIT RXGUIDE/controllers/default.py: 0
[2013-11-05 10:27:36] EDIT RXGUIDE/controllers/default.py: 0
[2013-11-05 10:27:37] EDIT RXGUIDE/controllers/default.py: 0
[2013-11-05 10:27:37] EDIT RXGUIDE/controllers/default.py: 0
[2013-11-05 10:29:36] CREATE default/add_img.html: 0
[2013-11-05 10:29:54] CREATE default/add_new.html: 0
[2013-11-05 10:30:04] CREATE default/view_patients.html: 0
[2013-11-05 10:30:31] CREATE default/view_prescriptions.html: 0
[2013-11-05 10:34:23] EDIT RXGUIDE/views/default/add_new.html: -1
[2013-11-05 10:34:49] EDIT RXGUIDE/views/default/add_new.html: 0
[2013-11-05 10:37:42] EDIT RXGUIDE/views/default/add_new.html: 0
[2013-11-05 10:37:42] EDIT RXGUIDE/views/default/add_new.html: 0
[2013-11-05 10:37:43] EDIT RXGUIDE/views/default/add_new.html: 0
[2013-11-05 10:37:43] EDIT RXGUIDE/views/default/add_new.html: 0
[2013-11-05 10:37:43] EDIT RXGUIDE/views/default/add_new.html: 0
[2013-11-05 10:37:46] EDIT RXGUIDE/views/default/add_img.html: -1
[2013-11-05 10:37:47] EDIT RXGUIDE/views/default/add_img.html: 0
[2013-11-05 10:37:50] EDIT RXGUIDE/views/default/add_img.html: 0
[2013-11-05 10:37:50] EDIT RXGUIDE/views/default/add_img.html: 0
[2013-11-05 10:38:05] EDIT RXGUIDE/views/default/view_patients.html: -1
[2013-11-05 10:38:16] EDIT RXGUIDE/views/default/view_prescriptions.html: -1
[2013-11-05 10:38:16] EDIT RXGUIDE/views/default/view_prescriptions.html: 0
[2013-11-05 10:38:16] EDIT RXGUIDE/views/default/view_prescriptions.html: 0
[2013-11-05 10:38:38] EDIT RXGUIDE/views/default/view_prescriptions.html: 0
[2013-11-05 10:38:38] EDIT RXGUIDE/views/default/view_prescriptions.html: 0
[2013-11-05 10:38:39] EDIT RXGUIDE/views/default/view_prescriptions.html: 0
[2013-11-05 10:40:46] EDIT RXGUIDE/views/default/view_prescriptions.html: 0
[2013-11-05 22:49:48] EDIT RXGUIDE/controllers/default.py: 0
[2013-11-05 22:52:49] EDIT RXGUIDE/controllers/default.py: 0
[2013-11-05 22:52:50] EDIT RXGUIDE/controllers/default.py: 0
[2013-11-05 22:52:50] EDIT RXGUIDE/controllers/default.py: 0
[2013-11-05 22:52:50] EDIT RXGUIDE/controllers/default.py: 0
[2013-11-05 22:52:50] EDIT RXGUIDE/controllers/default.py: 0
[2013-11-05 22:52:50] EDIT RXGUIDE/controllers/default.py: 0
[2013-11-05 22:52:50] EDIT RXGUIDE/controllers/default.py: 0
[2013-11-05 22:52:51] EDIT RXGUIDE/controllers/default.py: 0
[2013-11-05 22:52:51] EDIT RXGUIDE/controllers/default.py: 0
[2013-11-05 22:52:51] EDIT RXGUIDE/controllers/default.py: 0
[2013-11-05 22:53:48] EDIT RXGUIDE/views/default/basic.html: 0
[2013-11-05 22:53:48] EDIT RXGUIDE/views/default/basic.html: 0
[2013-11-06 09:00:13] EDIT RXGUIDE/models/db.py: 0
[2013-11-06 09:00:23] EDIT RXGUIDE/models/db.py: 0
[2013-11-06 09:00:24] EDIT RXGUIDE/models/db.py: 0
[2013-11-06 09:00:24] EDIT RXGUIDE/models/db.py: 0
[2013-11-06 09:00:24] EDIT RXGUIDE/models/db.py: 0
[2013-11-06 09:32:56] EDIT RXGUIDE/controllers/default.py: 0
[2013-11-07 00:25:46] EDIT RXGUIDE/views/default/view_prescriptions.html: 2
[2013-11-07 00:27:10] EDIT RXGUIDE/views/default/view_prescriptions.html: 0
[2013-11-07 00:29:01] EDIT RXGUIDE/views/default/view_prescriptions.html: 1
[2013-11-07 00:29:30] EDIT RXGUIDE/views/default/view_prescriptions.html: 0
[2013-11-07 00:29:43] EDIT RXGUIDE/views/default/view_prescriptions.html: 0
[2013-11-07 00:30:32] EDIT RXGUIDE/views/default/view_prescriptions.html: 0
[2013-11-07 00:31:01] EDIT RXGUIDE/views/default/view_prescriptions.html: -3
[2013-11-07 00:31:01] EDIT RXGUIDE/views/default/view_prescriptions.html: 0
[2013-11-07 00:31:01] EDIT RXGUIDE/views/default/view_prescriptions.html: 0
[2013-11-07 00:32:05] EDIT RXGUIDE/views/default/view_prescriptions.html: 3
[2013-11-07 00:32:05] EDIT RXGUIDE/views/default/view_prescriptions.html: 0
[2013-11-07 00:32:05] EDIT RXGUIDE/views/default/view_prescriptions.html: 0
[2013-11-07 09:34:58] EDIT RXGUIDE/views/default/view_prescriptions.html: 1
[2013-11-07 09:34:58] EDIT RXGUIDE/views/default/view_prescriptions.html: 0
[2013-11-07 09:34:58] EDIT RXGUIDE/views/default/view_prescriptions.html: 0
[2013-11-07 09:34:58] EDIT RXGUIDE/views/default/view_prescriptions.html: 0
[2013-11-07 09:35:09] EDIT RXGUIDE/views/default/view_prescriptions.html: 1
[2013-11-07 09:35:09] EDIT RXGUIDE/views/default/view_prescriptions.html: 0
[2013-11-07 09:35:35] EDIT RXGUIDE/views/default/view_prescriptions.html: 1
[2013-11-07 09:35:35] EDIT RXGUIDE/views/default/view_prescriptions.html: 0
[2013-11-07 09:36:25] EDIT RXGUIDE/controllers/default.py: 0
[2013-11-07 09:36:25] EDIT RXGUIDE/controllers/default.py: 0
[2013-11-07 09:36:26] EDIT RXGUIDE/controllers/default.py: 0
[2013-11-07 09:36:26] EDIT RXGUIDE/controllers/default.py: 0
[2013-11-07 09:36:26] EDIT RXGUIDE/controllers/default.py: 0
[2013-11-07 09:36:26] EDIT RXGUIDE/controllers/default.py: 0
[2013-11-07 09:36:26] EDIT RXGUIDE/controllers/default.py: 0
[2013-11-07 09:37:10] EDIT RXGUIDE/views/default/view_prescriptions.html: -4
[2013-11-07 09:37:10] EDIT RXGUIDE/views/default/view_prescriptions.html: 0
[2013-11-07 09:37:10] EDIT RXGUIDE/views/default/view_prescriptions.html: 0
[2013-11-07 09:37:11] EDIT RXGUIDE/views/default/view_prescriptions.html: 0
[2013-11-11 20:06:22] EDIT RXGUIDE/controllers/default.py: 1
[2013-11-11 20:07:33] EDIT RXGUIDE/controllers/default.py: 2
[2013-11-11 20:10:26] EDIT RXGUIDE/views/default/view_prescriptions.html: -1
[2013-11-11 20:16:57] EDIT RXGUIDE/controllers/default.py: 1
[2013-11-11 20:21:42] EDIT RXGUIDE/controllers/default.py: 0
[2013-11-11 20:21:42] EDIT RXGUIDE/controllers/default.py: 0
[2013-11-11 20:21:42] EDIT RXGUIDE/controllers/default.py: 0
[2013-11-11 21:10:39] EDIT RXGUIDE/views/default/view_prescriptions.html: 0
[2013-11-11 21:10:49] EDIT RXGUIDE/views/default/view_prescriptions.html: 0
[2013-11-11 21:10:50] EDIT RXGUIDE/views/default/view_prescriptions.html: 0
[2013-11-11 21:11:58] EDIT RXGUIDE/models/db.py: 0
[2013-11-11 21:12:22] EDIT RXGUIDE/models/db.py: 0
[2013-11-11 21:12:22] EDIT RXGUIDE/models/db.py: 0
[2013-11-11 21:12:22] EDIT RXGUIDE/models/db.py: 0
[2013-11-11 21:13:22] EDIT RXGUIDE/models/db.py: 0
[2013-11-11 21:13:22] EDIT RXGUIDE/models/db.py: 0
[2013-11-11 21:13:22] EDIT RXGUIDE/models/db.py: 0
[2013-11-11 21:14:29] EDIT RXGUIDE/views/default/view_prescriptions.html: -2
[2013-11-17 11:29:15] EDIT RXGUIDE/controllers/default.py: 1
[2013-11-17 11:29:16] EDIT RXGUIDE/controllers/default.py: 0
[2013-11-17 11:29:16] EDIT RXGUIDE/controllers/default.py: 0
[2013-11-17 11:29:16] EDIT RXGUIDE/controllers/default.py: 0
[2013-11-17 11:29:16] EDIT RXGUIDE/controllers/default.py: 0
[2013-11-17 11:29:17] EDIT RXGUIDE/controllers/default.py: 0
[2013-11-17 11:59:27] EDIT RXGUIDE/controllers/default.py: 3
[2013-11-17 11:59:31] EDIT RXGUIDE/controllers/default.py: 0
[2013-11-17 12:00:17] EDIT RXGUIDE/controllers/default.py: 3
[2013-11-17 12:00:17] EDIT RXGUIDE/controllers/default.py: 0
[2013-11-17 12:00:18] EDIT RXGUIDE/controllers/default.py: 0
[2013-11-17 12:00:25] EDIT RXGUIDE/controllers/default.py: 0
[2013-11-17 12:01:35] EDIT RXGUIDE/views/default/add_new.html: 1
[2013-11-17 12:01:47] EDIT RXGUIDE/views/default/add_new.html: 0
[2013-11-17 12:04:54] EDIT RXGUIDE/views/default/add_new.html: 0
[2013-11-17 12:05:05] EDIT RXGUIDE/views/default/add_new.html: 0
[2013-11-17 12:05:05] EDIT RXGUIDE/views/default/add_new.html: 0
[2013-11-17 12:05:05] EDIT RXGUIDE/views/default/add_new.html: 0
[2013-11-17 12:05:06] EDIT RXGUIDE/views/default/add_new.html: 0
[2013-11-17 12:06:08] EDIT RXGUIDE/controllers/default.py: -6
[2013-11-17 12:07:18] EDIT RXGUIDE/views/default/add_new.html: -2
[2013-11-17 12:15:03] EDIT RXGUIDE/views/default/add_new.html: 0
[2013-11-17 12:15:09] EDIT RXGUIDE/views/default/add_new.html: 0
[2013-11-17 12:15:09] EDIT RXGUIDE/views/default/add_new.html: 0
[2013-11-17 12:15:09] EDIT RXGUIDE/views/default/add_new.html: 0
[2013-11-17 12:15:10] EDIT RXGUIDE/views/default/add_new.html: 0
[2013-11-17 12:15:10] EDIT RXGUIDE/views/default/add_new.html: 0
[2013-11-17 12:18:18] EDIT RXGUIDE/views/default/add_new.html: 0
[2013-11-30 12:49:08] EDIT RXGUIDE/controllers/default.py: 109
[2013-11-30 12:55:23] EDIT RXGUIDE/controllers/default.py: -89
[2013-11-30 12:55:25] EDIT RXGUIDE/controllers/default.py: 0
[2013-11-30 12:55:25] EDIT RXGUIDE/controllers/default.py: 0
[2013-11-30 12:56:26] EDIT RXGUIDE/controllers/default.py: 0
[2013-11-30 12:56:43] EDIT RXGUIDE/controllers/default.py: 0
[2013-11-30 12:57:19] EDIT RXGUIDE/controllers/default.py: 0
[2013-11-30 12:57:37] EDIT RXGUIDE/controllers/default.py: 0
[2013-11-30 12:57:57] EDIT RXGUIDE/controllers/default.py: 0
[2013-11-30 12:58:07] EDIT RXGUIDE/controllers/default.py: 0
[2013-11-30 12:58:13] EDIT RXGUIDE/controllers/default.py: 0
[2013-11-30 12:58:18] EDIT RXGUIDE/controllers/default.py: 0
[2013-11-30 12:58:32] EDIT RXGUIDE/controllers/default.py: 0
[2013-11-30 12:58:36] EDIT RXGUIDE/controllers/default.py: 0
[2013-11-30 13:42:18] EDIT RXGUIDE/controllers/default.py: 2
[2013-11-30 13:42:35] EDIT RXGUIDE/controllers/default.py: 1
[2013-11-30 13:42:36] EDIT RXGUIDE/controllers/default.py: 0
[2013-11-30 13:58:20] EDIT RXGUIDE/controllers/default.py: 1
[2013-11-30 13:58:20] EDIT RXGUIDE/controllers/default.py: 0
[2013-11-30 13:58:21] EDIT RXGUIDE/controllers/default.py: 0
[2013-11-30 13:58:21] EDIT RXGUIDE/controllers/default.py: 0
[2013-11-30 13:58:21] EDIT RXGUIDE/controllers/default.py: 0
[2013-11-30 13:58:21] EDIT RXGUIDE/controllers/default.py: 0
[2013-11-30 13:58:37] EDIT RXGUIDE/controllers/default.py: 0
[2013-11-30 13:58:37] EDIT RXGUIDE/controllers/default.py: 0
[2013-11-30 13:58:37] EDIT RXGUIDE/controllers/default.py: 0
[2013-11-30 13:58:38] EDIT RXGUIDE/controllers/default.py: 0
[2013-11-30 13:58:38] EDIT RXGUIDE/controllers/default.py: 0
[2013-11-30 13:58:38] EDIT RXGUIDE/controllers/default.py: 0
[2013-11-30 13:58:38] EDIT RXGUIDE/controllers/default.py: 0
[2013-11-30 13:58:39] EDIT RXGUIDE/controllers/default.py: 0
[2013-11-30 13:58:39] EDIT RXGUIDE/controllers/default.py: 0
[2013-11-30 13:58:39] EDIT RXGUIDE/controllers/default.py: 0
[2013-11-30 13:58:39] EDIT RXGUIDE/controllers/default.py: 0
[2013-11-30 13:58:40] EDIT RXGUIDE/controllers/default.py: 0
[2013-11-30 13:58:40] EDIT RXGUIDE/controllers/default.py: 0
[2013-11-30 13:58:40] EDIT RXGUIDE/controllers/default.py: 0
[2013-11-30 13:58:40] EDIT RXGUIDE/controllers/default.py: 0
[2013-11-30 13:58:41] EDIT RXGUIDE/controllers/default.py: 0
[2013-11-30 13:58:41] EDIT RXGUIDE/controllers/default.py: 0
[2013-11-30 13:58:41] EDIT RXGUIDE/controllers/default.py: 0
[2013-11-30 13:58:41] EDIT RXGUIDE/controllers/default.py: 0
[2013-11-30 13:58:42] EDIT RXGUIDE/controllers/default.py: 0
[2013-11-30 13:59:23] EDIT RXGUIDE/controllers/default.py: 0
[2013-11-30 13:59:24] EDIT RXGUIDE/controllers/default.py: 0
[2013-11-30 13:59:24] EDIT RXGUIDE/controllers/default.py: 0
[2013-11-30 13:59:24] EDIT RXGUIDE/controllers/default.py: 0
[2013-11-30 13:59:24] EDIT RXGUIDE/controllers/default.py: 0
[2013-11-30 13:59:24] EDIT RXGUIDE/controllers/default.py: 0
[2013-11-30 13:59:24] EDIT RXGUIDE/controllers/default.py: 0
[2013-11-30 13:59:24] EDIT RXGUIDE/controllers/default.py: 0
[2013-11-30 13:59:36] EDIT RXGUIDE/controllers/default.py: 0
[2013-11-30 14:01:31] EDIT RXGUIDE/controllers/default.py: 0
[2013-11-30 14:01:50] EDIT RXGUIDE/controllers/default.py: 0
[2013-11-30 14:04:28] EDIT RXGUIDE/controllers/default.py: 0
[2013-11-30 14:04:37] EDIT RXGUIDE/controllers/default.py: 0
[2013-11-30 14:05:00] EDIT RXGUIDE/controllers/default.py: 0
[2013-11-30 14:06:07] EDIT RXGUIDE/controllers/default.py: 0
[2013-11-30 14:06:41] EDIT RXGUIDE/controllers/default.py: 0
[2013-11-30 14:08:53] EDIT RXGUIDE/controllers/default.py: 0
[2013-11-30 14:08:55] EDIT RXGUIDE/controllers/default.py: 0
[2013-11-30 14:15:36] EDIT RXGUIDE/controllers/default.py: 0
[2013-11-30 14:15:36] EDIT RXGUIDE/controllers/default.py: 0
[2013-11-30 14:15:36] EDIT RXGUIDE/controllers/default.py: 0
[2013-11-30 14:15:36] EDIT RXGUIDE/controllers/default.py: 0
[2013-11-30 14:15:36] EDIT RXGUIDE/controllers/default.py: 0
[2013-11-30 14:15:37] EDIT RXGUIDE/controllers/default.py: 0
[2013-11-30 14:15:37] EDIT RXGUIDE/controllers/default.py: 0
[2013-11-30 14:15:37] EDIT RXGUIDE/controllers/default.py: 0
[2013-11-30 14:15:37] EDIT RXGUIDE/controllers/default.py: 0
[2013-11-30 14:15:37] EDIT RXGUIDE/controllers/default.py: 0
[2013-11-30 14:20:51] EDIT RXGUIDE/controllers/default.py: 1
[2013-11-30 14:20:51] EDIT RXGUIDE/controllers/default.py: 0
[2013-11-30 14:20:51] EDIT RXGUIDE/controllers/default.py: 0
[2013-11-30 14:20:56] EDIT RXGUIDE/controllers/default.py: 0
[2013-11-30 14:20:56] EDIT RXGUIDE/controllers/default.py: 0
[2013-11-30 14:20:56] EDIT RXGUIDE/controllers/default.py: 0
[2013-11-30 14:20:57] EDIT RXGUIDE/controllers/default.py: 0
[2013-11-30 14:20:57] EDIT RXGUIDE/controllers/default.py: 0
[2013-11-30 14:20:57] EDIT RXGUIDE/controllers/default.py: 0
[2013-11-30 14:21:40] EDIT RXGUIDE/controllers/default.py: 0
[2013-11-30 14:21:40] EDIT RXGUIDE/controllers/default.py: 0
[2013-11-30 14:21:41] EDIT RXGUIDE/controllers/default.py: 0
[2013-11-30 14:22:04] EDIT RXGUIDE/controllers/default.py: -1
[2013-11-30 14:25:25] EDIT RXGUIDE/controllers/default.py: 2
[2013-11-30 14:25:26] EDIT RXGUIDE/controllers/default.py: 0
[2013-11-30 14:29:19] EDIT RXGUIDE/controllers/default.py: 1
[2013-11-30 14:29:19] EDIT RXGUIDE/controllers/default.py: 0
[2013-11-30 14:29:19] EDIT RXGUIDE/controllers/default.py: 0
[2013-11-30 14:29:19] EDIT RXGUIDE/controllers/default.py: 0
[2013-11-30 14:29:35] EDIT RXGUIDE/controllers/default.py: 0
[2013-11-30 14:29:36] EDIT RXGUIDE/controllers/default.py: 0
[2013-11-30 14:29:37] EDIT RXGUIDE/controllers/default.py: 0
[2013-11-30 14:29:37] EDIT RXGUIDE/controllers/default.py: 0
[2013-11-30 14:29:37] EDIT RXGUIDE/controllers/default.py: 0
[2013-11-30 14:29:37] EDIT RXGUIDE/controllers/default.py: 0
[2013-11-30 14:29:38] EDIT RXGUIDE/controllers/default.py: 0
[2013-11-30 14:29:38] EDIT RXGUIDE/controllers/default.py: 0
[2013-11-30 14:29:38] EDIT RXGUIDE/controllers/default.py: 0
[2013-11-30 14:30:02] EDIT RXGUIDE/controllers/default.py: 1
[2013-11-30 14:30:03] EDIT RXGUIDE/controllers/default.py: 0
[2013-11-30 16:04:32] EDIT RXGUIDE/controllers/default.py: 0
[2013-11-30 16:04:32] EDIT RXGUIDE/controllers/default.py: 0
[2013-11-30 16:04:33] EDIT RXGUIDE/controllers/default.py: 0
[2013-11-30 16:04:33] EDIT RXGUIDE/controllers/default.py: 0
[2013-11-30 16:04:33] EDIT RXGUIDE/controllers/default.py: 0
[2013-11-30 16:04:34] EDIT RXGUIDE/controllers/default.py: 0
[2013-11-30 16:04:34] EDIT RXGUIDE/controllers/default.py: 0
[2013-11-30 16:04:34] EDIT RXGUIDE/controllers/default.py: 0
[2013-11-30 16:04:34] EDIT RXGUIDE/controllers/default.py: 0
[2013-11-30 16:04:34] EDIT RXGUIDE/controllers/default.py: 0
[2013-11-30 16:04:50] EDIT RXGUIDE/controllers/default.py: -1
[2013-11-30 16:04:50] EDIT RXGUIDE/controllers/default.py: 0
[2013-11-30 16:04:51] EDIT RXGUIDE/controllers/default.py: 0
[2013-11-30 16:04:51] EDIT RXGUIDE/controllers/default.py: 0
[2013-11-30 16:04:51] EDIT RXGUIDE/controllers/default.py: 0
[2013-11-30 16:04:51] EDIT RXGUIDE/controllers/default.py: 0
[2013-11-30 16:04:52] EDIT RXGUIDE/controllers/default.py: 0
[2013-11-30 16:04:52] EDIT RXGUIDE/controllers/default.py: 0
[2013-11-30 16:04:52] EDIT RXGUIDE/controllers/default.py: 0
[2013-11-30 16:05:32] EDIT RXGUIDE/controllers/default.py: 0
[2013-11-30 16:05:32] EDIT RXGUIDE/controllers/default.py: 0
[2013-11-30 16:05:32] EDIT RXGUIDE/controllers/default.py: 0
[2013-11-30 16:09:03] EDIT RXGUIDE/controllers/default.py: 0
[2013-11-30 16:09:04] EDIT RXGUIDE/controllers/default.py: 0
[2013-11-30 16:09:04] EDIT RXGUIDE/controllers/default.py: 0
[2013-11-30 16:09:05] EDIT RXGUIDE/controllers/default.py: 0
[2013-11-30 16:09:56] EDIT RXGUIDE/controllers/default.py: 0
[2013-11-30 16:09:57] EDIT RXGUIDE/controllers/default.py: 0
[2013-11-30 16:09:57] EDIT RXGUIDE/controllers/default.py: 0
[2013-11-30 16:09:57] EDIT RXGUIDE/controllers/default.py: 0
[2013-11-30 16:09:57] EDIT RXGUIDE/controllers/default.py: 0
[2013-11-30 16:09:57] EDIT RXGUIDE/controllers/default.py: 0
[2013-11-30 16:10:23] EDIT RXGUIDE/controllers/default.py: 0
[2013-11-30 16:10:23] EDIT RXGUIDE/controllers/default.py: 0
[2013-11-30 16:10:23] EDIT RXGUIDE/controllers/default.py: 0
[2013-11-30 16:10:23] EDIT RXGUIDE/controllers/default.py: 0
[2013-11-30 16:15:21] EDIT RXGUIDE/controllers/default.py: 0
[2013-11-30 16:15:21] EDIT RXGUIDE/controllers/default.py: 0
[2013-11-30 16:15:21] EDIT RXGUIDE/controllers/default.py: 0
[2013-11-30 16:15:22] EDIT RXGUIDE/controllers/default.py: 0
[2013-11-30 16:15:22] EDIT RXGUIDE/controllers/default.py: 0
[2013-11-30 16:15:22] EDIT RXGUIDE/controllers/default.py: 0
[2013-11-30 16:15:22] EDIT RXGUIDE/controllers/default.py: 0
[2013-11-30 16:15:37] EDIT RXGUIDE/controllers/default.py: 1
[2013-11-30 16:15:37] EDIT RXGUIDE/controllers/default.py: 0
[2013-11-30 16:15:38] EDIT RXGUIDE/controllers/default.py: 0
[2013-11-30 16:16:16] EDIT RXGUIDE/controllers/default.py: 1
[2013-11-30 16:16:16] EDIT RXGUIDE/controllers/default.py: 0
[2013-11-30 16:16:16] EDIT RXGUIDE/controllers/default.py: 0
[2013-11-30 16:33:27] EDIT RXGUIDE/controllers/default.py: 0
[2013-11-30 16:33:27] EDIT RXGUIDE/controllers/default.py: 0
[2013-11-30 16:33:28] EDIT RXGUIDE/controllers/default.py: 0
[2013-11-30 16:33:28] EDIT RXGUIDE/controllers/default.py: 0
[2013-11-30 16:33:28] EDIT RXGUIDE/controllers/default.py: 0
[2013-11-30 16:33:28] EDIT RXGUIDE/controllers/default.py: 0
[2013-11-30 16:33:28] EDIT RXGUIDE/controllers/default.py: 0
[2013-11-30 16:35:28] EDIT RXGUIDE/controllers/default.py: 0
[2013-11-30 16:35:53] EDIT RXGUIDE/controllers/default.py: 0
[2013-11-30 16:35:53] EDIT RXGUIDE/controllers/default.py: 0
[2013-11-30 16:35:53] EDIT RXGUIDE/controllers/default.py: 0
[2013-11-30 16:35:53] EDIT RXGUIDE/controllers/default.py: 0
[2013-11-30 16:35:54] EDIT RXGUIDE/controllers/default.py: 0
[2013-11-30 16:36:15] EDIT RXGUIDE/controllers/default.py: 1
[2013-11-30 16:36:15] EDIT RXGUIDE/controllers/default.py: 0
[2013-11-30 16:36:16] EDIT RXGUIDE/controllers/default.py: 0
[2013-11-30 16:36:16] EDIT RXGUIDE/controllers/default.py: 0
[2013-11-30 16:36:16] EDIT RXGUIDE/controllers/default.py: 0
[2013-11-30 16:56:42] EDIT RXGUIDE/controllers/default.py: 2
[2013-11-30 16:56:42] EDIT RXGUIDE/controllers/default.py: 0
[2013-11-30 16:56:43] EDIT RXGUIDE/controllers/default.py: 0
[2013-11-30 16:56:43] EDIT RXGUIDE/controllers/default.py: 0
[2013-11-30 16:56:43] EDIT RXGUIDE/controllers/default.py: 0
[2013-11-30 16:56:43] EDIT RXGUIDE/controllers/default.py: 0
[2013-11-30 16:56:43] EDIT RXGUIDE/controllers/default.py: 0
[2013-11-30 16:57:27] EDIT RXGUIDE/controllers/default.py: 1
[2013-11-30 16:57:45] EDIT RXGUIDE/controllers/default.py: 1
[2013-11-30 17:00:14] EDIT RXGUIDE/controllers/default.py: 4
[2013-11-30 17:00:15] EDIT RXGUIDE/controllers/default.py: 0
[2013-11-30 17:00:27] EDIT RXGUIDE/controllers/default.py: 0
[2013-11-30 17:00:27] EDIT RXGUIDE/controllers/default.py: 0
[2013-11-30 17:00:39] EDIT RXGUIDE/controllers/default.py: 0
[2013-11-30 17:00:48] EDIT RXGUIDE/controllers/default.py: 0
[2013-11-30 17:01:11] EDIT RXGUIDE/controllers/default.py: 0
[2013-11-30 17:01:19] EDIT RXGUIDE/controllers/default.py: 0
[2013-11-30 17:01:27] EDIT RXGUIDE/controllers/default.py: 0
[2013-11-30 17:01:32] EDIT RXGUIDE/controllers/default.py: 0
[2013-11-30 17:01:32] EDIT RXGUIDE/controllers/default.py: 0
[2013-11-30 17:01:32] EDIT RXGUIDE/controllers/default.py: 0
[2013-11-30 17:01:32] EDIT RXGUIDE/controllers/default.py: 0
[2013-11-30 17:01:36] EDIT RXGUIDE/controllers/default.py: 0
[2013-11-30 17:02:05] EDIT RXGUIDE/controllers/default.py: 0
[2013-11-30 17:02:35] EDIT RXGUIDE/controllers/default.py: 0
[2013-11-30 17:02:35] EDIT RXGUIDE/controllers/default.py: 0
[2013-11-30 17:05:08] EDIT RXGUIDE/controllers/default.py: 0
[2013-11-30 17:05:08] EDIT RXGUIDE/controllers/default.py: 0
[2013-11-30 17:05:08] EDIT RXGUIDE/controllers/default.py: 0
[2013-11-30 17:05:16] EDIT RXGUIDE/controllers/default.py: 0
[2013-11-30 17:05:16] EDIT RXGUIDE/controllers/default.py: 0
[2013-11-30 17:11:39] EDIT RXGUIDE/controllers/default.py: 0
[2013-11-30 17:11:40] EDIT RXGUIDE/controllers/default.py: 0
[2013-11-30 17:11:42] EDIT RXGUIDE/controllers/default.py: 0
[2013-11-30 17:11:42] EDIT RXGUIDE/controllers/default.py: 0
[2013-11-30 17:11:42] EDIT RXGUIDE/controllers/default.py: 0
[2013-11-30 17:11:42] EDIT RXGUIDE/controllers/default.py: 0
[2013-11-30 17:11:42] EDIT RXGUIDE/controllers/default.py: 0
[2013-11-30 17:11:43] EDIT RXGUIDE/controllers/default.py: 0
[2013-11-30 17:11:43] EDIT RXGUIDE/controllers/default.py: 0
[2013-11-30 17:11:43] EDIT RXGUIDE/controllers/default.py: 0
[2013-11-30 17:11:56] EDIT RXGUIDE/controllers/default.py: 0
[2013-11-30 17:11:56] EDIT RXGUIDE/controllers/default.py: 0
[2013-11-30 17:11:56] EDIT RXGUIDE/controllers/default.py: 0
[2013-11-30 17:13:13] EDIT RXGUIDE/controllers/default.py: 0
[2013-11-30 17:13:13] EDIT RXGUIDE/controllers/default.py: 0
[2013-11-30 17:13:13] EDIT RXGUIDE/controllers/default.py: 0
[2013-11-30 17:13:24] EDIT RXGUIDE/controllers/default.py: 0
[2013-11-30 17:13:31] EDIT RXGUIDE/controllers/default.py: 0
[2013-11-30 17:13:32] EDIT RXGUIDE/controllers/default.py: 0
[2013-11-30 17:13:36] EDIT RXGUIDE/controllers/default.py: 0
[2013-11-30 17:15:10] EDIT RXGUIDE/controllers/default.py: 0
[2013-11-30 17:15:10] EDIT RXGUIDE/controllers/default.py: 0
[2013-11-30 17:16:10] EDIT RXGUIDE/controllers/default.py: 0
[2013-11-30 17:16:10] EDIT RXGUIDE/controllers/default.py: 0
[2013-11-30 17:16:10] EDIT RXGUIDE/controllers/default.py: 0
[2013-11-30 18:00:43] EDIT RXGUIDE/controllers/default.py: 0
[2013-11-30 18:00:54] EDIT RXGUIDE/controllers/default.py: 0
[2013-11-30 18:00:55] EDIT RXGUIDE/controllers/default.py: 0
[2013-11-30 18:00:55] EDIT RXGUIDE/controllers/default.py: 0
[2013-11-30 18:01:16] EDIT RXGUIDE/controllers/default.py: 0
[2013-11-30 18:01:17] EDIT RXGUIDE/controllers/default.py: 0
[2013-11-30 18:01:17] EDIT RXGUIDE/controllers/default.py: 0
[2013-11-30 18:01:44] EDIT RXGUIDE/controllers/default.py: 0
[2013-11-30 18:01:44] EDIT RXGUIDE/controllers/default.py: 0
[2013-11-30 18:05:37] EDIT RXGUIDE/controllers/default.py: -3
[2013-11-30 18:05:55] EDIT RXGUIDE/controllers/default.py: -5
[2013-11-30 18:05:55] EDIT RXGUIDE/controllers/default.py: 0
[2013-11-30 18:05:55] EDIT RXGUIDE/controllers/default.py: 0
[2013-11-30 18:05:55] EDIT RXGUIDE/controllers/default.py: 0
[2013-11-30 18:05:56] EDIT RXGUIDE/controllers/default.py: 0
[2013-11-30 18:05:56] EDIT RXGUIDE/controllers/default.py: 0
[2013-11-30 18:05:56] EDIT RXGUIDE/controllers/default.py: 0
[2013-11-30 18:06:10] EDIT RXGUIDE/controllers/default.py: 0
[2013-11-30 18:06:10] EDIT RXGUIDE/controllers/default.py: 0
[2013-11-30 18:06:10] EDIT RXGUIDE/controllers/default.py: 0
[2013-11-30 18:06:20] EDIT RXGUIDE/controllers/default.py: 0
[2013-11-30 18:06:20] EDIT RXGUIDE/controllers/default.py: 0
[2013-11-30 18:06:20] EDIT RXGUIDE/controllers/default.py: 0
[2013-11-30 18:07:04] EDIT RXGUIDE/controllers/default.py: 0
[2013-11-30 18:07:05] EDIT RXGUIDE/controllers/default.py: 0
[2013-11-30 18:07:05] EDIT RXGUIDE/controllers/default.py: 0
[2013-11-30 18:07:12] EDIT RXGUIDE/controllers/default.py: 0
[2013-11-30 18:07:12] EDIT RXGUIDE/controllers/default.py: 0
[2013-11-30 18:07:19] EDIT RXGUIDE/controllers/default.py: 0
[2013-11-30 18:08:29] EDIT RXGUIDE/controllers/default.py: 2
[2013-11-30 18:08:29] EDIT RXGUIDE/controllers/default.py: 0
[2013-11-30 18:08:29] EDIT RXGUIDE/controllers/default.py: 0
[2013-11-30 18:08:29] EDIT RXGUIDE/controllers/default.py: 0
[2013-11-30 18:08:30] EDIT RXGUIDE/controllers/default.py: 0
[2013-11-30 18:08:30] EDIT RXGUIDE/controllers/default.py: 0
[2013-11-30 18:08:30] EDIT RXGUIDE/controllers/default.py: 0
[2013-11-30 18:08:30] EDIT RXGUIDE/controllers/default.py: 0
[2013-11-30 18:08:30] EDIT RXGUIDE/controllers/default.py: 0
[2013-11-30 18:08:31] EDIT RXGUIDE/controllers/default.py: 0
[2013-11-30 18:08:31] EDIT RXGUIDE/controllers/default.py: 0
[2013-11-30 18:08:31] EDIT RXGUIDE/controllers/default.py: 0
[2013-11-30 18:08:40] EDIT RXGUIDE/controllers/default.py: 0
[2013-11-30 18:08:41] EDIT RXGUIDE/controllers/default.py: 0
[2013-11-30 18:10:08] EDIT RXGUIDE/controllers/default.py: 0
[2013-11-30 18:10:08] EDIT RXGUIDE/controllers/default.py: 0
[2013-11-30 18:10:23] EDIT RXGUIDE/controllers/default.py: 0
[2013-11-30 18:10:23] EDIT RXGUIDE/controllers/default.py: 0
[2013-11-30 18:10:38] EDIT RXGUIDE/controllers/default.py: 0
[2013-11-30 18:10:38] EDIT RXGUIDE/controllers/default.py: 0
[2013-11-30 18:10:38] EDIT RXGUIDE/controllers/default.py: 0
[2013-11-30 18:10:38] EDIT RXGUIDE/controllers/default.py: 0
[2013-11-30 18:10:38] EDIT RXGUIDE/controllers/default.py: 0
[2013-11-30 18:10:38] EDIT RXGUIDE/controllers/default.py: 0
[2013-11-30 18:10:39] EDIT RXGUIDE/controllers/default.py: 0
[2013-11-30 18:11:03] EDIT RXGUIDE/controllers/default.py: 0
[2013-11-30 18:12:06] EDIT RXGUIDE/controllers/default.py: 0
[2013-11-30 18:12:06] EDIT RXGUIDE/controllers/default.py: 0
[2013-11-30 18:12:23] EDIT RXGUIDE/controllers/default.py: 0
[2013-11-30 18:12:23] EDIT RXGUIDE/controllers/default.py: 0
[2013-11-30 18:12:30] EDIT RXGUIDE/controllers/default.py: -2
[2013-11-30 18:12:30] EDIT RXGUIDE/controllers/default.py: 0
[2013-11-30 18:12:30] EDIT RXGUIDE/controllers/default.py: 0
[2013-11-30 18:12:42] EDIT RXGUIDE/controllers/default.py: 0
[2013-11-30 18:13:31] EDIT RXGUIDE/controllers/default.py: 0
[2013-11-30 18:14:01] EDIT RXGUIDE/controllers/default.py: 0
[2013-11-30 18:14:35] EDIT RXGUIDE/controllers/default.py: 0
[2013-11-30 18:14:36] EDIT RXGUIDE/controllers/default.py: 0
[2013-11-30 18:14:36] EDIT RXGUIDE/controllers/default.py: 0
[2013-11-30 18:14:58] EDIT RXGUIDE/controllers/default.py: 0
[2013-11-30 18:15:13] EDIT RXGUIDE/controllers/default.py: 0
[2013-11-30 18:16:23] EDIT RXGUIDE/controllers/default.py: 2
[2013-11-30 18:16:23] EDIT RXGUIDE/controllers/default.py: 0
[2013-11-30 18:16:32] EDIT RXGUIDE/controllers/default.py: 0
[2013-11-30 18:16:42] EDIT RXGUIDE/controllers/default.py: 0
[2013-11-30 18:16:53] EDIT RXGUIDE/controllers/default.py: 0
[2013-11-30 18:16:59] EDIT RXGUIDE/controllers/default.py: 0
[2013-11-30 18:17:07] EDIT RXGUIDE/controllers/default.py: 0
[2013-11-30 18:17:11] EDIT RXGUIDE/controllers/default.py: 0
[2013-11-30 18:17:41] EDIT RXGUIDE/controllers/default.py: 0
[2013-11-30 18:17:52] EDIT RXGUIDE/controllers/default.py: -1
[2013-12-01 00:26:41] EDIT RXGUIDE/controllers/default.py: 0
[2013-12-01 00:26:42] EDIT RXGUIDE/controllers/default.py: 0
[2013-12-01 00:26:42] EDIT RXGUIDE/controllers/default.py: 0
[2013-12-01 00:26:42] EDIT RXGUIDE/controllers/default.py: 0
[2013-12-01 00:26:52] EDIT RXGUIDE/controllers/default.py: 0
[2013-12-01 00:26:52] EDIT RXGUIDE/controllers/default.py: 0
[2013-12-01 00:26:52] EDIT RXGUIDE/controllers/default.py: 0
[2013-12-01 01:18:40] EDIT RXGUIDE/controllers/default.py: 2
[2013-12-01 01:18:40] EDIT RXGUIDE/controllers/default.py: 0
[2013-12-01 01:18:40] EDIT RXGUIDE/controllers/default.py: 0
[2013-12-01 01:18:40] EDIT RXGUIDE/controllers/default.py: 0
[2013-12-01 01:18:40] EDIT RXGUIDE/controllers/default.py: 0
[2013-12-01 01:18:41] EDIT RXGUIDE/controllers/default.py: 0
[2013-12-01 01:18:41] EDIT RXGUIDE/controllers/default.py: 0
[2013-12-01 01:18:41] EDIT RXGUIDE/controllers/default.py: 0
[2013-12-01 01:18:41] EDIT RXGUIDE/controllers/default.py: 0
[2013-12-01 01:18:41] EDIT RXGUIDE/controllers/default.py: 0
[2013-12-01 01:18:41] EDIT RXGUIDE/controllers/default.py: 0
[2013-12-01 01:18:41] EDIT RXGUIDE/controllers/default.py: 0
[2013-12-01 01:18:42] EDIT RXGUIDE/controllers/default.py: 0
[2013-12-01 01:18:42] EDIT RXGUIDE/controllers/default.py: 0
[2013-12-01 01:18:42] EDIT RXGUIDE/controllers/default.py: 0
[2013-12-01 01:19:30] EDIT RXGUIDE/controllers/default.py: 3
[2013-12-01 01:19:31] EDIT RXGUIDE/controllers/default.py: 0
[2013-12-01 01:19:31] EDIT RXGUIDE/controllers/default.py: 0
[2013-12-01 01:19:31] EDIT RXGUIDE/controllers/default.py: 0
[2013-12-01 01:19:31] EDIT RXGUIDE/controllers/default.py: 0
[2013-12-01 01:19:31] EDIT RXGUIDE/controllers/default.py: 0
[2013-12-01 01:19:31] EDIT RXGUIDE/controllers/default.py: 0
[2013-12-01 01:19:39] EDIT RXGUIDE/controllers/default.py: 0
[2013-12-01 01:19:39] EDIT RXGUIDE/controllers/default.py: 0
[2013-12-01 01:19:39] EDIT RXGUIDE/controllers/default.py: 0
[2013-12-01 01:19:39] EDIT RXGUIDE/controllers/default.py: 0
[2013-12-01 01:19:44] EDIT RXGUIDE/controllers/default.py: 0
[2013-12-01 01:19:44] EDIT RXGUIDE/controllers/default.py: 0
[2013-12-01 01:19:44] EDIT RXGUIDE/controllers/default.py: 0
[2013-12-01 01:19:44] EDIT RXGUIDE/controllers/default.py: 0
[2013-12-01 01:19:44] EDIT RXGUIDE/controllers/default.py: 0
[2013-12-01 01:19:45] EDIT RXGUIDE/controllers/default.py: 0
[2013-12-01 01:19:45] EDIT RXGUIDE/controllers/default.py: 0
[2013-12-01 01:19:45] EDIT RXGUIDE/controllers/default.py: 0
[2013-12-01 01:19:45] EDIT RXGUIDE/controllers/default.py: 0
[2013-12-01 01:19:45] EDIT RXGUIDE/controllers/default.py: 0
[2013-12-01 01:19:45] EDIT RXGUIDE/controllers/default.py: 0
[2013-12-01 01:19:45] EDIT RXGUIDE/controllers/default.py: 0
[2013-12-01 01:19:46] EDIT RXGUIDE/controllers/default.py: 0
[2013-12-01 01:19:46] EDIT RXGUIDE/controllers/default.py: 0
[2013-12-01 01:19:46] EDIT RXGUIDE/controllers/default.py: 0
[2013-12-01 01:20:22] EDIT RXGUIDE/controllers/default.py: 1
[2013-12-01 01:20:22] EDIT RXGUIDE/controllers/default.py: 0
[2013-12-01 01:20:22] EDIT RXGUIDE/controllers/default.py: 0
[2013-12-01 01:20:22] EDIT RXGUIDE/controllers/default.py: 0
[2013-12-01 01:20:33] EDIT RXGUIDE/controllers/default.py: 0
[2013-12-01 01:20:34] EDIT RXGUIDE/controllers/default.py: 0
[2013-12-01 01:20:34] EDIT RXGUIDE/controllers/default.py: 0
[2013-12-01 01:20:41] EDIT RXGUIDE/controllers/default.py: 0
[2013-12-01 01:20:41] EDIT RXGUIDE/controllers/default.py: 0
[2013-12-01 01:21:07] EDIT RXGUIDE/controllers/default.py: 1
[2013-12-01 10:17:14] EDIT RXGUIDE/controllers/default.py: -1
[2013-12-01 10:17:14] EDIT RXGUIDE/controllers/default.py: 0
[2013-12-01 10:17:14] EDIT RXGUIDE/controllers/default.py: 0
[2013-12-01 10:17:36] EDIT RXGUIDE/controllers/default.py: 0
[2013-12-01 10:17:36] EDIT RXGUIDE/controllers/default.py: 0
[2013-12-01 10:18:14] EDIT RXGUIDE/controllers/default.py: 0
[2013-12-01 10:18:14] EDIT RXGUIDE/controllers/default.py: 0
[2013-12-01 10:18:21] EDIT RXGUIDE/controllers/default.py: 0
[2013-12-01 10:18:21] EDIT RXGUIDE/controllers/default.py: 0
[2013-12-01 10:26:27] EDIT RXGUIDE/controllers/default.py: 2
[2013-12-01 10:26:27] EDIT RXGUIDE/controllers/default.py: 0
[2013-12-01 10:26:27] EDIT RXGUIDE/controllers/default.py: 0
[2013-12-01 10:26:28] EDIT RXGUIDE/controllers/default.py: 0
[2013-12-01 10:26:44] CREATE default/printer.html: 0
[2013-12-01 10:27:32] EDIT RXGUIDE/views/default/printer.html: 9
[2013-12-01 10:27:54] EDIT RXGUIDE/views/default/printer.html: 0
[2013-12-01 10:28:06] EDIT RXGUIDE/views/default/printer.html: 0
[2013-12-01 10:28:44] EDIT RXGUIDE/views/default/printer.html: 0
[2013-12-01 10:28:45] EDIT RXGUIDE/views/default/printer.html: 0
[2013-12-01 10:40:31] EDIT RXGUIDE/views/default/printer.html: -1
[2013-12-01 10:40:31] EDIT RXGUIDE/views/default/printer.html: 0
[2013-12-01 10:40:32] EDIT RXGUIDE/views/default/printer.html: 0
[2013-12-01 10:40:32] EDIT RXGUIDE/views/default/printer.html: 0
[2013-12-01 11:11:20] EDIT RXGUIDE/controllers/default.py: 1
[2013-12-01 11:11:20] EDIT RXGUIDE/controllers/default.py: 0
[2013-12-01 11:11:20] EDIT RXGUIDE/controllers/default.py: 0
[2013-12-01 11:11:20] EDIT RXGUIDE/controllers/default.py: 0
[2013-12-01 11:11:21] EDIT RXGUIDE/controllers/default.py: 0
[2013-12-01 11:11:21] EDIT RXGUIDE/controllers/default.py: 0
[2013-12-01 11:20:35] EDIT RXGUIDE/views/default/printer.html: 1
[2013-12-01 11:20:46] EDIT RXGUIDE/views/default/printer.html: 2
[2013-12-01 11:20:46] EDIT RXGUIDE/views/default/printer.html: 0
[2013-12-01 11:20:47] EDIT RXGUIDE/views/default/printer.html: 0
[2013-12-01 11:21:24] EDIT RXGUIDE/views/default/printer.html: 1
[2013-12-01 14:14:53] EDIT RXGUIDE/controllers/default.py: 3
[2013-12-01 14:14:53] EDIT RXGUIDE/controllers/default.py: 0
[2013-12-01 14:14:53] EDIT RXGUIDE/controllers/default.py: 0
[2013-12-01 14:14:54] EDIT RXGUIDE/controllers/default.py: 0
[2013-12-01 14:14:54] EDIT RXGUIDE/controllers/default.py: 0
[2013-12-01 14:14:54] EDIT RXGUIDE/controllers/default.py: 0
[2013-12-01 14:14:54] EDIT RXGUIDE/controllers/default.py: 0
[2013-12-01 14:15:14] CREATE default/show_id.html: 0
[2013-12-01 14:15:43] EDIT RXGUIDE/views/default/show_id.html: -2
[2013-12-02 07:27:26] EDIT RXGUIDE/controllers/default.py: 0
[2013-12-02 07:27:26] EDIT RXGUIDE/controllers/default.py: 0
[2013-12-02 07:27:26] EDIT RXGUIDE/controllers/default.py: 0
[2013-12-02 07:27:26] EDIT RXGUIDE/controllers/default.py: 0
[2013-12-02 07:27:27] EDIT RXGUIDE/controllers/default.py: 0
[2013-12-02 07:28:24] EDIT RXGUIDE/controllers/default.py: 0
[2013-12-02 07:31:05] EDIT RXGUIDE/controllers/default.py: 0
[2013-12-02 07:56:37] EDIT RXGUIDE/controllers/default.py: 3
[2013-12-02 07:57:15] EDIT RXGUIDE/controllers/default.py: 3
[2013-12-02 07:57:17] EDIT RXGUIDE/controllers/default.py: 0
[2013-12-02 07:57:17] EDIT RXGUIDE/controllers/default.py: 0
[2013-12-02 07:57:17] EDIT RXGUIDE/controllers/default.py: 0
[2013-12-02 07:57:47] EDIT RXGUIDE/controllers/default.py: 0
[2013-12-02 07:57:47] EDIT RXGUIDE/controllers/default.py: 0
[2013-12-02 07:57:48] EDIT RXGUIDE/controllers/default.py: 0
[2013-12-02 07:57:48] EDIT RXGUIDE/controllers/default.py: 0
[2013-12-02 07:57:48] EDIT RXGUIDE/controllers/default.py: 0
[2013-12-02 07:57:48] EDIT RXGUIDE/controllers/default.py: 0
[2013-12-02 07:57:48] EDIT RXGUIDE/controllers/default.py: 0
[2013-12-02 07:57:48] EDIT RXGUIDE/controllers/default.py: 0
[2013-12-02 07:57:49] EDIT RXGUIDE/controllers/default.py: 0
[2013-12-02 07:57:49] EDIT RXGUIDE/controllers/default.py: 0
[2013-12-02 07:57:49] EDIT RXGUIDE/controllers/default.py: 0
[2013-12-02 08:00:30] EDIT RXGUIDE/controllers/default.py: 0
[2013-12-02 08:00:48] EDIT RXGUIDE/controllers/default.py: 0
[2013-12-02 08:01:05] EDIT RXGUIDE/controllers/default.py: 0
[2013-12-02 08:01:36] EDIT RXGUIDE/controllers/default.py: -1
[2013-12-02 08:01:47] EDIT RXGUIDE/controllers/default.py: 0
[2013-12-02 08:01:57] EDIT RXGUIDE/controllers/default.py: 1
[2013-12-02 08:01:57] EDIT RXGUIDE/controllers/default.py: 0
[2013-12-02 08:01:57] EDIT RXGUIDE/controllers/default.py: 0
[2013-12-02 08:02:16] EDIT RXGUIDE/controllers/default.py: 0
[2013-12-02 08:02:24] EDIT RXGUIDE/controllers/default.py: 0
[2013-12-02 08:02:30] EDIT RXGUIDE/controllers/default.py: 0
[2013-12-02 08:02:39] EDIT RXGUIDE/controllers/default.py: 0
[2013-12-02 08:02:54] EDIT RXGUIDE/controllers/default.py: 0
[2013-12-02 08:03:07] EDIT RXGUIDE/controllers/default.py: 0
[2013-12-02 08:03:13] EDIT RXGUIDE/controllers/default.py: 0
[2013-12-02 08:03:19] EDIT RXGUIDE/controllers/default.py: 0
[2013-12-02 08:03:25] EDIT RXGUIDE/controllers/default.py: 0
[2013-12-02 08:03:25] EDIT RXGUIDE/controllers/default.py: 0
[2013-12-02 08:03:30] EDIT RXGUIDE/controllers/default.py: 0
[2013-12-02 08:03:30] EDIT RXGUIDE/controllers/default.py: 0
[2013-12-02 08:03:30] EDIT RXGUIDE/controllers/default.py: 0
[2013-12-02 08:03:41] EDIT RXGUIDE/controllers/default.py: 0
[2013-12-02 08:03:41] EDIT RXGUIDE/controllers/default.py: 0
[2013-12-02 08:03:52] EDIT RXGUIDE/controllers/default.py: 0
[2013-12-02 10:36:26] EDIT RXGUIDE/controllers/default.py: 0
[2013-12-02 10:36:43] EDIT RXGUIDE/controllers/default.py: 0
[2013-12-02 10:38:08] EDIT RXGUIDE/controllers/default.py: 0
[2013-12-02 10:38:14] EDIT RXGUIDE/controllers/default.py: 0
[2013-12-02 10:38:15] EDIT RXGUIDE/controllers/default.py: 0
[2013-12-02 10:38:15] EDIT RXGUIDE/controllers/default.py: 0
[2013-12-02 10:38:18] EDIT RXGUIDE/controllers/default.py: 0
[2013-12-02 10:38:18] EDIT RXGUIDE/controllers/default.py: 0
[2013-12-02 10:38:25] EDIT RXGUIDE/controllers/default.py: 0
[2013-12-02 10:38:25] EDIT RXGUIDE/controllers/default.py: 0
[2013-12-02 10:38:26] EDIT RXGUIDE/controllers/default.py: 0
[2013-12-02 10:38:38] EDIT RXGUIDE/controllers/default.py: 0
[2013-12-02 10:38:38] EDIT RXGUIDE/controllers/default.py: 0
[2013-12-02 10:38:38] EDIT RXGUIDE/controllers/default.py: 0
[2013-12-02 10:38:45] EDIT RXGUIDE/controllers/default.py: 0
[2013-12-02 10:38:45] EDIT RXGUIDE/controllers/default.py: 0
[2013-12-02 10:39:03] EDIT RXGUIDE/controllers/default.py: 0
[2013-12-02 10:39:11] EDIT RXGUIDE/controllers/default.py: 0
[2013-12-02 10:39:11] EDIT RXGUIDE/controllers/default.py: 0
[2013-12-02 10:39:11] EDIT RXGUIDE/controllers/default.py: 0
[2013-12-02 10:39:12] EDIT RXGUIDE/controllers/default.py: 0
[2013-12-02 10:39:20] EDIT RXGUIDE/controllers/default.py: 0
[2013-12-02 10:39:35] EDIT RXGUIDE/controllers/default.py: 0
[2013-12-02 10:39:41] EDIT RXGUIDE/controllers/default.py: -3
[2013-12-02 10:39:41] EDIT RXGUIDE/controllers/default.py: 0
[2013-12-02 10:39:51] EDIT RXGUIDE/controllers/default.py: 0
[2013-12-02 10:39:51] EDIT RXGUIDE/controllers/default.py: 0
[2013-12-02 10:40:12] EDIT RXGUIDE/controllers/default.py: 0
[2013-12-02 10:40:13] EDIT RXGUIDE/controllers/default.py: 0
[2013-12-02 10:40:45] EDIT RXGUIDE/controllers/default.py: 1
[2013-12-02 10:41:01] EDIT RXGUIDE/controllers/default.py: 1
[2013-12-02 10:41:01] EDIT RXGUIDE/controllers/default.py: 0
[2013-12-02 10:41:01] EDIT RXGUIDE/controllers/default.py: 0
[2013-12-02 10:41:11] EDIT RXGUIDE/controllers/default.py: 0
[2013-12-02 10:41:20] EDIT RXGUIDE/controllers/default.py: 0
[2013-12-02 10:42:08] EDIT RXGUIDE/controllers/default.py: 0
[2013-12-02 10:42:22] EDIT RXGUIDE/controllers/default.py: 0
[2013-12-02 10:42:29] EDIT RXGUIDE/controllers/default.py: 0
[2013-12-02 10:42:34] EDIT RXGUIDE/controllers/default.py: 0
[2013-12-02 10:42:39] EDIT RXGUIDE/controllers/default.py: 0
[2013-12-02 10:42:39] EDIT RXGUIDE/controllers/default.py: 0
[2013-12-02 10:43:00] EDIT RXGUIDE/controllers/default.py: 0
[2013-12-02 10:43:53] EDIT RXGUIDE/controllers/default.py: 3
[2013-12-02 10:43:53] EDIT RXGUIDE/controllers/default.py: 0
[2013-12-02 10:43:53] EDIT RXGUIDE/controllers/default.py: 0
[2013-12-02 10:44:06] EDIT RXGUIDE/controllers/default.py: -1
[2013-12-02 10:44:13] EDIT RXGUIDE/controllers/default.py: 0
[2013-12-03 11:10:20] EDIT RXGUIDE/controllers/default.py: -6
[2013-12-03 11:11:02] EDIT RXGUIDE/controllers/default.py: -1
[2013-12-03 11:11:05] EDIT RXGUIDE/controllers/default.py: 0
[2013-12-03 11:11:05] EDIT RXGUIDE/controllers/default.py: 0
[2013-12-03 11:11:05] EDIT RXGUIDE/controllers/default.py: 0
[2013-12-03 11:11:05] EDIT RXGUIDE/controllers/default.py: 0
[2013-12-03 11:22:34] EDIT RXGUIDE/controllers/default.py: 1
[2013-12-03 11:22:36] EDIT RXGUIDE/controllers/default.py: 0
[2013-12-03 11:22:36] EDIT RXGUIDE/controllers/default.py: 0
[2013-12-03 11:22:36] EDIT RXGUIDE/controllers/default.py: 0
[2013-12-03 11:28:04] EDIT RXGUIDE/controllers/default.py: 0
